2022-08-11 00:05:30 [main] INFO  c.m.m.d.t.t.k.s.TwitterToKafkaServiceApplication - Starting TwitterToKafkaServiceApplication using Java 17.0.4 on McToluenes-MacBook-Pro.local with PID 68068 (/Users/mctoluene/Documents/Training/even-driven-microservice/microservice-demo/twitter-to-kafka-service/target/classes started by mctoluene in /Users/mctoluene/Documents/Training/even-driven-microservice/microservice-demo)
2022-08-11 00:05:30 [main] INFO  c.m.m.d.t.t.k.s.TwitterToKafkaServiceApplication - No active profile set, falling back to 1 default profile: "default"
2022-08-11 00:05:30 [main] INFO  c.m.m.d.t.t.k.s.TwitterToKafkaServiceApplication - Started TwitterToKafkaServiceApplication in 0.603 seconds (JVM running for 0.937)
2022-08-11 00:05:30 [main] INFO  c.m.m.d.t.t.k.s.TwitterToKafkaServiceApplication - Application running...
2022-08-11 00:07:03 [main] INFO  c.m.m.d.t.t.k.s.TwitterToKafkaServiceApplication - Starting TwitterToKafkaServiceApplication using Java 17.0.4 on McToluenes-MacBook-Pro.local with PID 68206 (/Users/mctoluene/Documents/Training/even-driven-microservice/microservice-demo/twitter-to-kafka-service/target/classes started by mctoluene in /Users/mctoluene/Documents/Training/even-driven-microservice/microservice-demo)
2022-08-11 00:07:03 [main] INFO  c.m.m.d.t.t.k.s.TwitterToKafkaServiceApplication - No active profile set, falling back to 1 default profile: "default"
2022-08-11 00:07:03 [main] INFO  c.m.m.d.t.t.k.s.TwitterToKafkaServiceApplication - Started TwitterToKafkaServiceApplication in 0.434 seconds (JVM running for 0.71)
2022-08-11 00:07:03 [main] INFO  c.m.m.d.t.t.k.s.TwitterToKafkaServiceApplication - Application running...
2022-08-11 00:07:12 [main] INFO  c.m.m.d.t.t.k.s.TwitterToKafkaServiceApplication - [Java, Microservices, Kafka, Elasticsearch]
2022-08-11 21:51:54 [main] INFO  c.m.m.d.t.t.k.s.TwitterToKafkaServiceApplication - Starting TwitterToKafkaServiceApplication using Java 17.0.4 on McToluenes-MacBook-Pro.local with PID 11465 (/Users/mctoluene/Documents/Training/even-driven-microservice/microservice-demo/twitter-to-kafka-service/target/classes started by mctoluene in /Users/mctoluene/Documents/Training/even-driven-microservice/microservice-demo)
2022-08-11 21:51:54 [main] INFO  c.m.m.d.t.t.k.s.TwitterToKafkaServiceApplication - No active profile set, falling back to 1 default profile: "default"
2022-08-11 21:51:54 [main] INFO  c.m.m.d.t.t.k.s.TwitterToKafkaServiceApplication - Started TwitterToKafkaServiceApplication in 0.586 seconds (JVM running for 0.972)
2022-08-11 21:51:54 [main] INFO  c.m.m.d.t.t.k.s.TwitterToKafkaServiceApplication - Application running...
2022-08-11 21:51:54 [main] INFO  c.m.m.d.t.t.k.s.TwitterToKafkaServiceApplication - [Java, Microservices, Kafka, Elasticsearch]
2022-08-11 21:51:54 [Twitter Stream consumer /  [1][initializing]] INFO  twitter4j.TwitterStreamImpl - Establishing connection.
2022-08-11 21:51:54 [main] INFO  c.m.m.d.t.t.k.s.r.i.TwitterKafkaStreamRunner - Started filtering twitter for keywords [Java, Microservices, Kafka, Elasticsearch]
2022-08-11 21:51:57 [Twitter Stream consumer /  [1][Establishing connection]] INFO  twitter4j.TwitterStreamImpl - 401:Authentication credentials (https://dev.twitter.com/pages/auth) were missing or incorrect. Ensure that you have set valid consumer key/secret, access token/secret, and the system clock is in sync.
<html>\n<head>\n<meta http-equiv="Content-Type" content="text/html; charset=utf-8"/>\n<title>Error 401 Unauthorized</title>
</head>
<body>
<h2>HTTP ERROR: 401</h2>
<p>Problem accessing '/1.1/statuses/filter.json'. Reason:
<pre>    Unauthorized</pre>
</body>
</html>

2022-08-11 21:51:57 [Twitter Stream consumer /  [1][Establishing connection]] INFO  twitter4j.TwitterStreamImpl - Waiting for 10000 milliseconds
2022-08-11 21:52:07 [Twitter Stream consumer /  [1][Waiting for 10000 milliseconds]] INFO  twitter4j.TwitterStreamImpl - Establishing connection.
2022-08-11 21:52:11 [Twitter Stream consumer /  [1][Establishing connection]] INFO  twitter4j.TwitterStreamImpl - 401:Authentication credentials (https://dev.twitter.com/pages/auth) were missing or incorrect. Ensure that you have set valid consumer key/secret, access token/secret, and the system clock is in sync.
<html>\n<head>\n<meta http-equiv="Content-Type" content="text/html; charset=utf-8"/>\n<title>Error 401 Unauthorized</title>
</head>
<body>
<h2>HTTP ERROR: 401</h2>
<p>Problem accessing '/1.1/statuses/filter.json'. Reason:
<pre>    Unauthorized</pre>
</body>
</html>

2022-08-11 21:52:11 [Twitter Stream consumer /  [1][Establishing connection]] INFO  twitter4j.TwitterStreamImpl - Waiting for 20000 milliseconds
